[16/Jun/2026 13:50:30] "GET / HTTP/1.1" 200 606
[16/Jun/2026 13:50:30,531] - Broken pipe from ('127.0.0.1', 55816)
[16/Jun/2026 13:50:30] "GET /admin/ HTTP/1.1" 302 0
[16/Jun/2026 13:50:30] "GET /admin/login/?next=/admin/ HTTP/1.1" 200 4364
[16/Jun/2026 13:50:30] "GET /api/home/ HTTP/1.1" 200 3947
[16/Jun/2026 13:50:30,626] - Broken pipe from ('127.0.0.1', 55818)
[16/Jun/2026 13:50:30,635] - Broken pipe from ('127.0.0.1', 55819)
[16/Jun/2026 13:50:40] "GET / HTTP/1.1" 200 606
[16/Jun/2026 13:50:40] "GET /static/frontend/assets/SiteHeader-YHlrcHw0.css HTTP/1.1" 304 0
[16/Jun/2026 13:50:40] "GET /static/frontend/assets/main-XfnMJTbY.js HTTP/1.1" 304 0
[16/Jun/2026 13:50:40] "GET /static/frontend/assets/SiteHeader-DBfIIBhG.js HTTP/1.1" 304 0
[16/Jun/2026 13:50:40] "GET /static/frontend/gameslot-logo-header.png HTTP/1.1" 304 0
[16/Jun/2026 13:50:40] "GET /api/home/ HTTP/1.1" 200 3947
[16/Jun/2026 13:50:40] "GET /static/frontend/anime-store-hero.png HTTP/1.1" 304 0
[16/Jun/2026 13:50:40] "GET /media/site/banner.png HTTP/1.1" 404 179
[16/Jun/2026 13:50:40] "GET /media/categories/genshin.png HTTP/1.1" 404 179
[16/Jun/2026 13:50:40] "GET /media/categories/zzz.png HTTP/1.1" 404 179
[16/Jun/2026 13:50:40] "GET /media/categories/honkai.png HTTP/1.1" 404 179
[16/Jun/2026 13:50:40] "GET /media/categories/ww.png HTTP/1.1" 404 179
[16/Jun/2026 13:50:40] "GET /media/categories/wwm.png HTTP/1.1" 404 179
[16/Jun/2026 13:50:40] "GET / HTTP/1.1" 200 606
[16/Jun/2026 13:50:40] "GET /static/frontend/assets/SiteHeader-YHlrcHw0.css HTTP/1.1" 200 13697
[16/Jun/2026 13:50:40] "GET /admin HTTP/1.1" 301 0
[16/Jun/2026 13:50:40] "GET /admin/login?next=/admin/ HTTP/1.1" 302 0
[16/Jun/2026 13:50:40] "GET /admin/auth/user HTTP/1.1" 302 0
[16/Jun/2026 13:50:40] "GET /admin/login/?next=/admin/login%3Fnext%3D/admin/ HTTP/1.1" 200 4404
[16/Jun/2026 13:50:40] "GET /admin HTTP/1.1" 301 0
[16/Jun/2026 13:50:40] "GET /admin/login/?next=/admin/auth/user HTTP/1.1" 200 4382
[16/Jun/2026 13:50:40] "GET /admin/ HTTP/1.1" 302 0
[16/Jun/2026 13:50:40] "GET / HTTP/1.1" 200 606
[16/Jun/2026 13:50:40] "GET /products HTTP/1.1" 404 179
[16/Jun/2026 13:50:40] "GET /admin/login/?next=/admin/ HTTP/1.1" 200 4364
[16/Jun/2026 13:50:40] "GET /admin HTTP/1.1" 301 0
[16/Jun/2026 13:50:40] "GET /admin/ HTTP/1.1" 302 0
[16/Jun/2026 13:50:40] "GET /admin/ HTTP/1.1" 302 0
[16/Jun/2026 13:50:40] "GET /admin/login/?next=/admin/ HTTP/1.1" 200 4364
[16/Jun/2026 13:50:40] "GET /admin/login/?next=/admin/ HTTP/1.1" 200 4364
Traceback (most recent call last):
  File "C:\Users\John\Documents\Gameslot\manage.py", line 22, in <module>
    main()
  File "C:\Users\John\Documents\Gameslot\manage.py", line 18, in main
    execute_from_command_line(sys.argv)
  File "C:\Users\John\Documents\Gameslot\.venv\Lib\site-packages\django\core\management\__init__.py", line 443, in execute_from_command_line
    utility.execute()
  File "C:\Users\John\Documents\Gameslot\.venv\Lib\site-packages\django\core\management\__init__.py", line 383, in execute
    settings.INSTALLED_APPS
  File "C:\Users\John\Documents\Gameslot\.venv\Lib\site-packages\django\conf\__init__.py", line 75, in __getattr__
    self._setup(name)
  File "C:\Users\John\Documents\Gameslot\.venv\Lib\site-packages\django\conf\__init__.py", line 62, in _setup
    self._wrapped = Settings(settings_module)
                    ^^^^^^^^^^^^^^^^^^^^^^^^^
  File "C:\Users\John\Documents\Gameslot\.venv\Lib\site-packages\django\conf\__init__.py", line 162, in __init__
    mod = importlib.import_module(self.SETTINGS_MODULE)
          ^^^^^^^^^^^^^^^^^^^^^^^^^^^^^^^^^^^^^^^^^^^^^
  File "C:\Users\John\AppData\Local\Programs\Python\Python312\Lib\importlib\__init__.py", line 90, in import_module
    return _bootstrap._gcd_import(name[level:], package, level)
           ^^^^^^^^^^^^^^^^^^^^^^^^^^^^^^^^^^^^^^^^^^^^^^^^^^^^
  File "<frozen importlib._bootstrap>", line 1381, in _gcd_import
  File "<frozen importlib._bootstrap>", line 1354, in _find_and_load
  File "<frozen importlib._bootstrap>", line 1325, in _find_and_load_unlocked
  File "<frozen importlib._bootstrap>", line 929, in _load_unlocked
  File "<frozen importlib._bootstrap_external>", line 994, in exec_module
  File "<frozen importlib._bootstrap>", line 488, in _call_with_frames_removed
  File "C:\Users\John\Documents\Gameslot\Gameslot\settings.py", line 87, in <module>
    "default": dj_database_url.parse(
               ^^^^^^^^^^^^^^^^^^^^^^
  File "C:\Users\John\Documents\Gameslot\.venv\Lib\site-packages\dj_database_url\__init__.py", line 189, in parse
    raise UnknownSchemeError(split_result.scheme)
dj_database_url.UnknownSchemeError: Scheme 'b''://' is unknown. Did you forget to register custom backend? Following schemes have registered backends: cockroach, mssql, mssqlms, mysql, mysql-connector, mysql2, mysqlgis, oracle, oraclegis, pgsql, postgis, postgres, postgresql, redshift, spatialite, sqlite, timescale, timescalegis.
